<?xml version="1.0" encoding="UTF-8"?>
<testng-results ignored="0" total="1" passed="1" failed="0" skipped="0">
  <reporter-output>
  </reporter-output>
  <suite started-at="2020-03-23T15:32:20 CET" name="Default suite" finished-at="2020-03-23T15:32:34 CET" duration-ms="14245">
    <groups>
    </groups>
    <test started-at="2020-03-23T15:32:20 CET" name="Default test" finished-at="2020-03-23T15:32:34 CET" duration-ms="14245">
      <class name="SeleniumTestScripts.RecorderDemo1">
        <test-method is-config="true" signature="setUp()[pri:0, instance:SeleniumTestScripts.RecorderDemo1@51e5fc98]" started-at="2020-03-23T15:32:20 CET" name="setUp" finished-at="2020-03-23T15:32:27 CET" duration-ms="7034" status="PASS">
          <reporter-output>
          </reporter-output>
        </test-method> <!-- setUp -->
        <test-method signature="testRecorderDemo1()[pri:0, instance:SeleniumTestScripts.RecorderDemo1@51e5fc98]" started-at="2020-03-23T15:32:27 CET" name="testRecorderDemo1" finished-at="2020-03-23T15:32:33 CET" duration-ms="6360" status="PASS">
          <reporter-output>
          </reporter-output>
        </test-method> <!-- testRecorderDemo1 -->
        <test-method is-config="true" signature="tearDown()[pri:0, instance:SeleniumTestScripts.RecorderDemo1@51e5fc98]" started-at="2020-03-23T15:32:33 CET" name="tearDown" finished-at="2020-03-23T15:32:34 CET" duration-ms="775" status="PASS">
          <reporter-output>
          </reporter-output>
        </test-method> <!-- tearDown -->
      </class> <!-- SeleniumTestScripts.RecorderDemo1 -->
    </test> <!-- Default test -->
  </suite> <!-- Default suite -->
</testng-results>
